<?xml version="1.0" encoding="UTF-8" ?>
<testsuite tests="56" failures="0" name="net.mooctest.AlgorithmFactoryTest" time="0.088" errors="0" skipped="0">
  <properties>
    <property name="jansi.mode" value="force"/>
    <property name="java.runtime.name" value="OpenJDK Runtime Environment"/>
    <property name="java.vm.version" value="11.0.28+6-post-Ubuntu-1ubuntu124.04.1"/>
    <property name="sun.boot.library.path" value="/usr/lib/jvm/java-11-openjdk-amd64/lib"/>
    <property name="maven.multiModuleProjectDirectory" value="/home/engine/project/SortFactory_1731802076860"/>
    <property name="java.vm.vendor" value="Ubuntu"/>
    <property name="java.vendor.url" value="https://ubuntu.com/"/>
    <property name="guice.disable.misplaced.annotation.check" value="true"/>
    <property name="path.separator" value=":"/>
    <property name="java.vm.name" value="OpenJDK 64-Bit Server VM"/>
    <property name="sun.os.patch.level" value="unknown"/>
    <property name="sun.java.launcher" value="SUN_STANDARD"/>
    <property name="java.vm.specification.name" value="Java Virtual Machine Specification"/>
    <property name="user.dir" value="/home/engine/project/SortFactory_1731802076860"/>
    <property name="java.vm.compressedOopsMode" value="32-bit"/>
    <property name="java.runtime.version" value="11.0.28+6-post-Ubuntu-1ubuntu124.04.1"/>
    <property name="java.awt.graphicsenv" value="sun.awt.X11GraphicsEnvironment"/>
    <property name="os.arch" value="amd64"/>
    <property name="java.io.tmpdir" value="/tmp"/>
    <property name="line.separator" value="
"/>
    <property name="java.vm.specification.vendor" value="Oracle Corporation"/>
    <property name="os.name" value="Linux"/>
    <property name="classworlds.conf" value="/usr/share/maven/bin/m2.conf"/>
    <property name="sun.jnu.encoding" value="UTF-8"/>
    <property name="java.library.path" value="/usr/java/packages/lib:/usr/lib/x86_64-linux-gnu/jni:/lib/x86_64-linux-gnu:/usr/lib/x86_64-linux-gnu:/usr/lib/jni:/lib:/usr/lib"/>
    <property name="maven.conf" value="/usr/share/maven/conf"/>
    <property name="jdk.debug" value="release"/>
    <property name="java.class.version" value="55.0"/>
    <property name="java.specification.name" value="Java Platform API Specification"/>
    <property name="sun.management.compiler" value="HotSpot 64-Bit Tiered Compilers"/>
    <property name="os.version" value="5.10.223"/>
    <property name="library.jansi.path" value="/usr/share/maven/lib/jansi-native"/>
    <property name="user.home" value="/home/engine"/>
    <property name="user.timezone" value="Etc/UTC"/>
    <property name="java.awt.printerjob" value="sun.print.PSPrinterJob"/>
    <property name="file.encoding" value="UTF-8"/>
    <property name="java.specification.version" value="11"/>
    <property name="user.name" value="engine"/>
    <property name="java.class.path" value="/usr/share/maven/boot/plexus-classworlds-2.x.jar"/>
    <property name="org.slf4j.simpleLogger.defaultLogLevel" value="error"/>
    <property name="java.vm.specification.version" value="11"/>
    <property name="sun.arch.data.model" value="64"/>
    <property name="sun.java.command" value="org.codehaus.plexus.classworlds.launcher.Launcher -q test"/>
    <property name="java.home" value="/usr/lib/jvm/java-11-openjdk-amd64"/>
    <property name="user.language" value="en"/>
    <property name="java.specification.vendor" value="Oracle Corporation"/>
    <property name="awt.toolkit" value="sun.awt.X11.XToolkit"/>
    <property name="java.vm.info" value="mixed mode, sharing"/>
    <property name="java.version" value="11.0.28"/>
    <property name="java.vendor" value="Ubuntu"/>
    <property name="java.specification.maintenance.version" value="3"/>
    <property name="maven.home" value="/usr/share/maven"/>
    <property name="file.separator" value="/"/>
    <property name="java.version.date" value="2025-07-15"/>
    <property name="java.vendor.url.bug" value="https://bugs.launchpad.net/ubuntu/+source/openjdk-lts"/>
    <property name="sun.io.unicode.encoding" value="UnicodeLittle"/>
    <property name="sun.cpu.endian" value="little"/>
    <property name="sun.cpu.isalist" value=""/>
  </properties>
  <testcase classname="net.mooctest.AlgorithmFactoryTest" name="testFactoryReturnsParallelMergeSort" time="0.007"/>
  <testcase classname="net.mooctest.AlgorithmFactoryTest" name="testDynamicAlgorithmManagerAutoSelectSortFailsWithoutRegistration" time="0.013"/>
  <testcase classname="net.mooctest.AlgorithmFactoryTest" name="testConcurrentAlgorithmManagerParallelSearchNotFound" time="0.008"/>
  <testcase classname="net.mooctest.AlgorithmFactoryTest" name="testLinkedListDataStructureGetOutOfBounds" time="0"/>
  <testcase classname="net.mooctest.AlgorithmFactoryTest" name="testPerformanceTrackerBestPerformance" time="0.006"/>
  <testcase classname="net.mooctest.AlgorithmFactoryTest" name="testOptimizedQuickSortHandlesLargeArray" time="0.005"/>
  <testcase classname="net.mooctest.AlgorithmFactoryTest" name="testBubbleSortSortsData" time="0"/>
  <testcase classname="net.mooctest.AlgorithmFactoryTest" name="testOptimizedQuickSortBinarySearch" time="0.001"/>
  <testcase classname="net.mooctest.AlgorithmFactoryTest" name="testMultiThreadedSearchParallelSearchNotFound" time="0.014"/>
  <testcase classname="net.mooctest.AlgorithmFactoryTest" name="testConcurrentAlgorithmManagerParallelOperations" time="0.005"/>
  <testcase classname="net.mooctest.AlgorithmFactoryTest" name="testConcurrentAlgorithmManagerMissingAlgorithmThrows" time="0"/>
  <testcase classname="net.mooctest.AlgorithmFactoryTest" name="testDynamicAlgorithmManagerSelectionLogic" time="0.001"/>
  <testcase classname="net.mooctest.AlgorithmFactoryTest" name="testParallelMergeSortSingleElementNoWork" time="0.002"/>
  <testcase classname="net.mooctest.AlgorithmFactoryTest" name="testFactoryReturnsOptimizedQuickSort" time="0"/>
  <testcase classname="net.mooctest.AlgorithmFactoryTest" name="testFactoryCaseInsensitive" time="0"/>
  <testcase classname="net.mooctest.AlgorithmFactoryTest" name="testConcurrencyExceptionMessage" time="0.001"/>
  <testcase classname="net.mooctest.AlgorithmFactoryTest" name="testArrayDataStructureSetOutOfBounds" time="0"/>
  <testcase classname="net.mooctest.AlgorithmFactoryTest" name="testParallelMergeSortSortsData" time="0.002"/>
  <testcase classname="net.mooctest.AlgorithmFactoryTest" name="testPerformanceTrackerEmpty" time="0"/>
  <testcase classname="net.mooctest.AlgorithmFactoryTest" name="testFactoryReturnsBubbleSort" time="0"/>
  <testcase classname="net.mooctest.AlgorithmFactoryTest" name="testBubbleSortEvaluatePerformanceMaintainsPositiveMetrics" time="0"/>
  <testcase classname="net.mooctest.AlgorithmFactoryTest" name="testAlgorithmManagerSortAndSearch" time="0"/>
  <testcase classname="net.mooctest.AlgorithmFactoryTest" name="testBSTDataStructureInorderTraversal" time="0"/>
  <testcase classname="net.mooctest.AlgorithmFactoryTest" name="testHeapDataStructureGetUnsupported" time="0"/>
  <testcase classname="net.mooctest.AlgorithmFactoryTest" name="testFactoryUnknownAlgorithmThrows" time="0"/>
  <testcase classname="net.mooctest.AlgorithmFactoryTest" name="testParallelMergeSortOnEmptyArray" time="0"/>
  <testcase classname="net.mooctest.AlgorithmFactoryTest" name="testBSTDataStructureSetUnsupported" time="0"/>
  <testcase classname="net.mooctest.AlgorithmFactoryTest" name="testAlgorithmManagerSearchMissingThrows" time="0"/>
  <testcase classname="net.mooctest.AlgorithmFactoryTest" name="testArrayDataStructureFromArrayAndMutate" time="0"/>
  <testcase classname="net.mooctest.AlgorithmFactoryTest" name="testOptimizedQuickSortEvaluatePerformance" time="0"/>
  <testcase classname="net.mooctest.AlgorithmFactoryTest" name="testMultiThreadedSearchFindsElement" time="0.001"/>
  <testcase classname="net.mooctest.AlgorithmFactoryTest" name="testQuickSortSortsData" time="0"/>
  <testcase classname="net.mooctest.AlgorithmFactoryTest" name="testMultiThreadedSearchLinearSearchMiss" time="0"/>
  <testcase classname="net.mooctest.AlgorithmFactoryTest" name="testAlgorithmPerformanceAccessors" time="0"/>
  <testcase classname="net.mooctest.AlgorithmFactoryTest" name="testQuickSortEvaluatePerformance" time="0"/>
  <testcase classname="net.mooctest.AlgorithmFactoryTest" name="testParallelMergeSortEvaluatePerformanceRecordsParallelism" time="0.007"/>
  <testcase classname="net.mooctest.AlgorithmFactoryTest" name="testLinkedListDataStructureSetOutOfBounds" time="0"/>
  <testcase classname="net.mooctest.AlgorithmFactoryTest" name="testArrayDataStructureGetOutOfBounds" time="0"/>
  <testcase classname="net.mooctest.AlgorithmFactoryTest" name="testArrayDataStructureAddAndExpand" time="0.001"/>
  <testcase classname="net.mooctest.AlgorithmFactoryTest" name="testAlgorithmPerformanceReportDoesNotError" time="0.002"/>
  <testcase classname="net.mooctest.AlgorithmFactoryTest" name="testDynamicAlgorithmManagerSortedDetection" time="0"/>
  <testcase classname="net.mooctest.AlgorithmFactoryTest" name="testOptimizedQuickSortMedianOfThreeBranches" time="0"/>
  <testcase classname="net.mooctest.AlgorithmFactoryTest" name="testHeapDataStructureOperations" time="0"/>
  <testcase classname="net.mooctest.AlgorithmFactoryTest" name="testAlgorithmManagerGetAlgorithmMissing" time="0"/>
  <testcase classname="net.mooctest.AlgorithmFactoryTest" name="testBSTDataStructureFromArrayResetsState" time="0"/>
  <testcase classname="net.mooctest.AlgorithmFactoryTest" name="testMultiThreadedSearchHandlesRemainderPartition" time="0.005"/>
  <testcase classname="net.mooctest.AlgorithmFactoryTest" name="testQuickSortBinarySearch" time="0"/>
  <testcase classname="net.mooctest.AlgorithmFactoryTest" name="testHashTableDataStructureOperations" time="0.005"/>
  <testcase classname="net.mooctest.AlgorithmFactoryTest" name="testBSTDataStructureGetUnsupported" time="0"/>
  <testcase classname="net.mooctest.AlgorithmFactoryTest" name="testInvalidDataExceptionMessage" time="0"/>
  <testcase classname="net.mooctest.AlgorithmFactoryTest" name="testParallelMergeSortBinarySearch" time="0"/>
  <testcase classname="net.mooctest.AlgorithmFactoryTest" name="testLinkedListDataStructureBasicOperations" time="0"/>
  <testcase classname="net.mooctest.AlgorithmFactoryTest" name="testAlgorithmManagerSortMissingThrows" time="0.001"/>
  <testcase classname="net.mooctest.AlgorithmFactoryTest" name="testOptimizedQuickSortInsertionSortBranch" time="0.001"/>
  <testcase classname="net.mooctest.AlgorithmFactoryTest" name="testBubbleSortLinearSearch" time="0"/>
  <testcase classname="net.mooctest.AlgorithmFactoryTest" name="testHeapDataStructureSetUnsupported" time="0"/>
</testsuite>